{
  "RSpec": {
    "coverage": {
      "/home/pablo/code/pablito/reskilling/rails/suppliers-hub/spec/helpers/dashboard_helper_spec.rb": {
        "lines": [
          1,
          null,
          null,
          null,
          null,
          null,
          null,
          null,
          null,
          null,
          null,
          null,
          1,
          1,
          null
        ]
      },
      "/home/pablo/code/pablito/reskilling/rails/suppliers-hub/spec/helpers/suppliers_helper_spec.rb": {
        "lines": [
          1,
          null,
          null,
          null,
          null,
          null,
          null,
          null,
          null,
          null,
          null,
          null,
          1,
          1,
          null
        ]
      },
      "/home/pablo/code/pablito/reskilling/rails/suppliers-hub/app/models/bank.rb": {
        "lines": [
          null,
          null,
          null,
          1,
          1,
          null,
          1,
          1,
          null
        ]
      },
      "/home/pablo/code/pablito/reskilling/rails/suppliers-hub/app/models/supplier.rb": {
        "lines": [
          null,
          1,
          1,
          null,
          1,
          null,
          1,
          1,
          1,
          1,
          1,
          null
        ]
      }
    },
    "timestamp": 1704856866
  }
}
